<?xml version="1.0" encoding="UTF-8"?>
<!-- Generated by org.testng.reporters.JUnitXMLReporter -->
<testsuite hostname="srijaytechLAP-1" ignored="0" name="Default test" tests="8" failures="0" timestamp="2019-11-23T15:00:43 IST" time="225.512" errors="0">
  <testcase name="kiposLogoTest" time="0.873" classname="com.qa.test.HomePageTest"/>
  <testcase name="kiposTitleTest" time="0.027" classname="com.qa.test.HomePageTest"/>
  <testcase name="signUpButtonTest" time="0.236" classname="com.qa.test.HomePageTest"/>
  <testcase name="loginButtonText" time="0.083" classname="com.qa.test.HomePageTest"/>
  <testcase name="gourmetProductsTextTest" time="0.079" classname="com.qa.test.HomePageTest"/>
  <testcase name="gourmetProductsTest" time="9.239" classname="com.qa.test.HomePageTest"/>
  <testcase name="loginButtonTest" time="4.234" classname="com.qa.test.HomePageTest"/>
  <testcase name="verifySignUpButton" time="4.244" classname="com.qa.test.HomePageTest"/>
</testsuite> <!-- Default test -->
