<?xml version="1.0" encoding="UTF-8"?>
<!-- Generated by org.testng.reporters.JUnitXMLReporter -->
<testsuite hostname="srijaytechLAP-1" ignored="0" name="Command line test" tests="30" failures="0" timestamp="2019-11-23T16:47:38 IST" time="981.121" errors="0">
  <testcase name="verifyForgotPasswordText" time="0.101" classname="com.qa.test.ForgotPasswordTest"/>
  <testcase name="verifySignUpText" time="0.056" classname="com.qa.test.SignUpPageTest"/>
  <testcase name="validateSignUp" time="13.387" classname="com.qa.test.SignUpPageTest"/>
  <testcase name="verifyEmailidField" time="4.361" classname="com.qa.test.ForgotPasswordTest"/>
  <testcase name="verifySubmitButton" time="4.471" classname="com.qa.test.ForgotPasswordTest"/>
  <testcase name="kiposLogoTest" time="0.185" classname="com.qa.test.HomePageTest"/>
  <testcase name="kiposTitleTest" time="0.035" classname="com.qa.test.HomePageTest"/>
  <testcase name="signUpButtonTest" time="0.074" classname="com.qa.test.HomePageTest"/>
  <testcase name="loginButtonText" time="0.101" classname="com.qa.test.HomePageTest"/>
  <testcase name="gourmetProductsTextTest" time="0.144" classname="com.qa.test.HomePageTest"/>
  <testcase name="gourmetProductsTest" time="4.138" classname="com.qa.test.HomePageTest"/>
  <testcase name="loginButtonTest" time="4.262" classname="com.qa.test.HomePageTest"/>
  <testcase name="verifySignUpButton" time="4.231" classname="com.qa.test.HomePageTest"/>
  <testcase name="verifyLogo" time="0.096" classname="com.qa.test.LandingPageTest"/>
  <testcase name="verifyUserName" time="0.074" classname="com.qa.test.LandingPageTest"/>
  <testcase name="verifyCartCount" time="0.072" classname="com.qa.test.LandingPageTest"/>
  <testcase name="verifyGourmetClick" time="0.129" classname="com.qa.test.LandingPageTest"/>
  <testcase name="verifyUserOptions" time="0.0" classname="com.qa.test.LandingPageTest"/>
  <testcase name="verifyMyAccount" time="8.317" classname="com.qa.test.LandingPageTest"/>
  <testcase name="loginUserTest" time="12.76" classname="com.qa.test.LoginPageTest"/>
  <testcase name="forgotPasswordTest" time="4.16" classname="com.qa.test.LoginPageTest"/>
  <testcase name="verifyPersonalInfoText" time="0.072" classname="com.qa.test.MyAccountPageTest"/>
  <testcase name="verifyFullnameLabel" time="0.082" classname="com.qa.test.MyAccountPageTest"/>
  <testcase name="verifyFullnameText" time="0.074" classname="com.qa.test.MyAccountPageTest"/>
  <testcase name="verifyUserInfoText" time="0.07" classname="com.qa.test.MyAccountPageTest"/>
  <testcase name="verifyEmailIdText" time="0.078" classname="com.qa.test.MyAccountPageTest"/>
  <testcase name="verifyUserEmail" time="0.068" classname="com.qa.test.MyAccountPageTest"/>
  <testcase name="verifyKPointsText" time="0.068" classname="com.qa.test.MyAccountPageTest"/>
  <testcase name="verifyKpointsCount" time="0.061" classname="com.qa.test.MyAccountPageTest"/>
  <testcase name="verifyNewslettersText" time="0.071" classname="com.qa.test.MyAccountPageTest"/>
</testsuite> <!-- Command line test -->
