<?xml version="1.0" encoding="UTF-8" ?>
<testsuite tests="30" failures="0" name="TestSuite" time="61.766" errors="0" skipped="0">
  <properties>
[...]
</properties>
  <testcase classname="com.qa.test.ForgotPasswordTest" name="verifyForgotPasswordText" time="0.109"/>
  <testcase classname="com.qa.test.SignUpPageTest" name="verifySignUpText" time="0.058"/>
  <testcase classname="com.qa.test.SignUpPageTest" name="validateSignUp" time="13.39"/>
  <testcase classname="com.qa.test.ForgotPasswordTest" name="verifyEmailidField" time="4.362"/>
  <testcase classname="com.qa.test.ForgotPasswordTest" name="verifySubmitButton" time="4.471"/>
  <testcase classname="com.qa.test.HomePageTest" name="kiposLogoTest" time="0.183"/>
  <testcase classname="com.qa.test.HomePageTest" name="kiposTitleTest" time="0.034"/>
  <testcase classname="com.qa.test.HomePageTest" name="signUpButtonTest" time="0.074"/>
  <testcase classname="com.qa.test.HomePageTest" name="loginButtonText" time="0.102"/>
  <testcase classname="com.qa.test.HomePageTest" name="gourmetProductsTextTest" time="0.143"/>
  <testcase classname="com.qa.test.HomePageTest" name="gourmetProductsTest" time="4.137"/>
  <testcase classname="com.qa.test.HomePageTest" name="loginButtonTest" time="4.243"/>
  <testcase classname="com.qa.test.HomePageTest" name="verifySignUpButton" time="4.226"/>
  <testcase classname="com.qa.test.LandingPageTest" name="verifyLogo" time="0.092"/>
  <testcase classname="com.qa.test.LandingPageTest" name="verifyUserName" time="0.071"/>
  <testcase classname="com.qa.test.LandingPageTest" name="verifyCartCount" time="0.073"/>
  <testcase classname="com.qa.test.LandingPageTest" name="verifyGourmetClick" time="0.131"/>
  <testcase classname="com.qa.test.LandingPageTest" name="verifyUserOptions" time="0"/>
  <testcase classname="com.qa.test.LandingPageTest" name="verifyMyAccount" time="8.316"/>
  <testcase classname="com.qa.test.LoginPageTest" name="loginUserTest" time="12.753"/>
  <testcase classname="com.qa.test.LoginPageTest" name="forgotPasswordTest" time="4.161"/>
  <testcase classname="com.qa.test.MyAccountPageTest" name="verifyPersonalInfoText" time="0.071"/>
  <testcase classname="com.qa.test.MyAccountPageTest" name="verifyFullnameLabel" time="0.082"/>
  <testcase classname="com.qa.test.MyAccountPageTest" name="verifyFullnameText" time="0.074"/>
  <testcase classname="com.qa.test.MyAccountPageTest" name="verifyUserInfoText" time="0.071"/>
  <testcase classname="com.qa.test.MyAccountPageTest" name="verifyEmailIdText" time="0.075"/>
  <testcase classname="com.qa.test.MyAccountPageTest" name="verifyUserEmail" time="0.067"/>
  <testcase classname="com.qa.test.MyAccountPageTest" name="verifyKPointsText" time="0.065"/>
  <testcase classname="com.qa.test.MyAccountPageTest" name="verifyKpointsCount" time="0.061"/>
  <testcase classname="com.qa.test.MyAccountPageTest" name="verifyNewslettersText" time="0.071"/>
</testsuite>