<?xml version="1.0" encoding="UTF-8"?>
<!-- Generated by org.testng.reporters.JUnitXMLReporter -->
<testsuite hostname="srijaytechLAP-1" ignored="0" name="TestNGAutomationbyPOM" tests="15" failures="0" timestamp="2019-11-23T15:44:14 IST" time="413.307" errors="0">
  <testcase name="kiposLogoTest" time="1.373" classname="com.qa.test.HomePageTest"/>
  <testcase name="kiposTitleTest" time="0.031" classname="com.qa.test.HomePageTest"/>
  <testcase name="signUpButtonTest" time="0.471" classname="com.qa.test.HomePageTest"/>
  <testcase name="loginButtonText" time="0.089" classname="com.qa.test.HomePageTest"/>
  <testcase name="gourmetProductsTextTest" time="0.074" classname="com.qa.test.HomePageTest"/>
  <testcase name="gourmetProductsTest" time="4.94" classname="com.qa.test.HomePageTest"/>
  <testcase name="loginButtonTest" time="4.315" classname="com.qa.test.HomePageTest"/>
  <testcase name="verifySignUpButton" time="4.325" classname="com.qa.test.HomePageTest"/>
  <testcase name="loginUserTest" time="12.837" classname="com.qa.test.LoginPageTest"/>
  <testcase name="forgotPasswordTest" time="4.214" classname="com.qa.test.LoginPageTest"/>
  <testcase name="verifySignUpText" time="0.07" classname="com.qa.test.SignUpPageTest"/>
  <testcase name="validateSignUp" time="13.307" classname="com.qa.test.SignUpPageTest"/>
  <testcase name="verifyForgotPasswordText" time="0.062" classname="com.qa.test.ForgotPasswordTest"/>
  <testcase name="verifyEmailidField" time="4.326" classname="com.qa.test.ForgotPasswordTest"/>
  <testcase name="verifySubmitButton" time="4.51" classname="com.qa.test.ForgotPasswordTest"/>
</testsuite> <!-- TestNGAutomationbyPOM -->
